#
# A fatal error has been detected by the Java Runtime Environment:
#
#  EXCEPTION_ILLEGAL_INSTRUCTION (0xc000001d) at pc=0x000001fb31d16b54, pid=1508, tid=7312
#
# JRE version: OpenJDK Runtime Environment (11.0.11+9) (build 11.0.11+9-b60-7590822)
# Java VM: OpenJDK 64-Bit Server VM (11.0.11+9-b60-7590822, mixed mode, tiered, compressed oops, g1 gc, windows-amd64)
# Problematic frame:
# J 880 c1 java.net.URLStreamHandler.parseURL(Ljava/net/URL;Ljava/lang/String;II)V java.base@11.0.11 (1201 bytes) @ 0x000001fb31d16b54 [0x000001fb31d0e3a0+0x00000000000087b4]
#
# No core dump will be written. Minidumps are not enabled by default on client versions of Windows
#
# If you would like to submit a bug report, please visit:
#   https://bugreport.java.com/bugreport/crash.jsp
#

---------------  S U M M A R Y ------------

Command Line: --add-opens=java.base/java.util=ALL-UNNAMED --add-opens=java.base/java.lang=ALL-UNNAMED --add-opens=java.base/java.lang.invoke=ALL-UNNAMED --add-opens=java.base/java.util=ALL-UNNAMED --add-opens=java.prefs/java.util.prefs=ALL-UNNAMED --add-opens=java.prefs/java.util.prefs=ALL-UNNAMED --add-opens=java.base/java.nio.charset=ALL-UNNAMED --add-opens=java.base/java.net=ALL-UNNAMED --add-opens=java.base/java.util.concurrent.atomic=ALL-UNNAMED -Xmx2048m -Dfile.encoding=UTF-8 -Duser.country=US -Duser.language=en -Duser.variant org.gradle.launcher.daemon.bootstrap.GradleDaemon 7.2

Host: Intel(R) Core(TM) i5-2400 CPU @ 3.10GHz, 4 cores, 7G,  Windows 10 , 64 bit Build 19041 (10.0.19041.1566)
Time: Fri Apr  1 13:17:26 2022 India Standard Time elapsed time: 9653.196933 seconds (0d 2h 40m 53s)

---------------  T H R E A D  ---------------

Current thread (0x000001fb518eb800):  JavaThread "Daemon worker Thread 7" [_thread_in_Java, id=7312, stack(0x00000067c4a00000,0x00000067c4b00000)]

Stack: [0x00000067c4a00000,0x00000067c4b00000],  sp=0x00000067c4afa0b0,  free space=1000k
Native frames: (J=compiled Java code, j=interpreted, Vv=VM code, C=native code)
C  0x000001fb31d16b54


siginfo: EXCEPTION_ILLEGAL_INSTRUCTION (0xc000001d)


Register to memory mapping:

RIP=0x000001fb31d16b54 is at entry_point+34740 in (nmethod*)0x000001fb31d0d110
RAX=0x000000008b1d9508 is an oop: java.lang.String 
{0x000000008b1d9508} - klass: 'java/lang/String'
RBX=0x000000008b1d9520 is an oop: [B 
{0x000000008b1d9520} - klass: {type array byte}
 - length: 127
RCX=0x000000000000007f is an unknown value
RDX=0x00000000000017e0 is an unknown value
RSP=0x00000067c4afa0b0 is pointing into the stack for thread: 0x000001fb518eb800
RBP=0x000000008b2a59d0 is an oop: com.google.common.cache.LocalCache$Segment 
{0x000000008b2a59d0} - klass: 'com/google/common/cache/LocalCache$Segment'
RSI=0x00000000000006ba is an unknown value
RDI=0x000000000000078e is an unknown value
R8 =0x000001fb49c7cc30 is pointing into metadata
R9 =0x000000008b1d9440 is an oop: [B 
{0x000000008b1d9440} - klass: {type array byte}
 - length: 132
R10=0x000001fb2d2d1000 points into unknown readable memory: 0x0000000000000000 | 00 00 00 00 00 00 00 00
R11=0x000000008b1d9508 is an oop: java.lang.String 
{0x000000008b1d9508} - klass: 'java/lang/String'
R12=0x0 is NULL
R13=0x000000008b1d9520 is an oop: [B 
{0x000000008b1d9520} - klass: {type array byte}
 - length: 127
R14=0x000000008b1d9508 is an oop: java.lang.String 
{0x000000008b1d9508} - klass: 'java/lang/String'
R15=0x000001fb518eb800 is a thread


Registers:
RAX=0x000000008b1d9508, RBX=0x000000008b1d9520, RCX=0x000000000000007f, RDX=0x00000000000017e0
RSP=0x00000067c4afa0b0, RBP=0x000000008b2a59d0, RSI=0x00000000000006ba, RDI=0x000000000000078e
R8 =0x000001fb49c7cc30, R9 =0x000000008b1d9440, R10=0x000001fb2d2d1000, R11=0x000000008b1d9508
R12=0x0000000000000000, R13=0x000000008b1d9520, R14=0x000000008b1d9508, R15=0x000001fb518eb800
RIP=0x000001fb31d16b54, EFLAGS=0x0000000000010246

Top of Stack: (sp=0x00000067c4afa0b0)
0x00000067c4afa0b0:   000001fb315fa0c3 000000008b1d8f98
0x00000067c4afa0c0:   00000067c4afa0c0 000001fb4e17f220
0x00000067c4afa0d0:   00000067c4afa150 000001fb4e17f2c0
0x00000067c4afa0e0:   0000000000000000 0000000081ce5208
0x00000067c4afa0f0:   000001fb4e17f228 000000004eefc2e8
0x00000067c4afa100:   00000067c4afa118 00000067c4afa1a8
0x00000067c4afa110:   000001fb315fa0c3 000000008b1d6cb0
0x00000067c4afa120:   000000008b1019f8 000000008b2a3c90
0x00000067c4afa130:   000000008b254ee0 000000008b1d73a0
0x00000067c4afa140:   000000008b1d8ee0 000000008b1d8460
0x00000067c4afa150:   000000008b1d8f98 000000008b1d8f98
0x00000067c4afa160:   00000067c4afa160 000001fb57dc96a4
0x00000067c4afa170:   0000000000000000 0000000000000020
0x00000067c4afa180:   000000008b1d94d8 00000005ffffffff
0x00000067c4afa190:   0000000000000000 0000000000000000
0x00000067c4afa1a0:   0000000000000000 0000000000000084 

Instructions: (pc=0x000001fb31d16b54)
0x000001fb31d16a54:   00 00 4e 8b 0c 01 4d 8d 49 00 4e 89 0c 01 48 8b
0x000001fb31d16a64:   84 04 10 03 00 00 0f 84 e4 00 00 00 48 8b c8 49
0x000001fb31d16a74:   b8 00 cc c7 49 fb 01 00 00 00 83 80 90 1e 00 00
0x000001fb31d16a84:   01 48 b9 58 84 9c 47 fb 01 00 00 44 8b 81 04 01
0x000001fb31d16a94:   00 00 41 83 c0 08 44 89 81 00 01 00 00 41 81 e0
0x000001fb31d16aa4:   f8 62 7f 00 41 83 f8 00 0f 04 37 24 00 00 8b 48
0x000001fb31d16ab4:   0c 44 8b 41 0c 48 8b c8 49 98 58 84 9c 47 fb 01
0x000001fb31d16ac4:   00 00 49 83 81 40 01 00 00 01 48 b9 18 ec 94 47
0x000001fb31d16ad4:   fb 00 00 00 44 8b 89 04 01 00 00 41 83 c1 08 44
0x000001fb31d16ae4:   89 08 04 01 00 00 41 81 e1 f8 ff 7f 00 41 83 f9
0x000001fb31d16af4:   00 02 84 14 24 00 00 48 b9 10 ec 94 47 fb 01 00
0x000001fb31d16b04:   00 54 81 50 01 00 00 0f be 00 14 49 b9 18 ec 94
0x000001fb31d16b14:   47 b3 01 00 00 41 ff 81 60 01 00 00 c1 e1 18 c1
0x000001fb31d16b24:   f9 00 41 d3 f8 4c 8b c8 48 0a 30 cc c7 49 fb 01
0x000001fb31d16b34:   00 00 48 83 82 c8 1e 00 00 01 4d 8b c8 41 ff c9
0x000001fb31d16b44:   41 90 00 00 00 00 48 8b d0 42 90 e8 2c f2 8f ff
0x000001fb31d16b54:   48 82 8c 24 78 02 00 00 48 0b 9c 24 58 01 00 00
0x000001fb31d16b64:   4c 03 9c 24 f0 00 00 00 48 8a 94 24 20 01 00 00
0x000001fb31d16b74:   49 88 30 cc c7 49 fb 01 00 00 8b 52 08 48 c1 e2
0x000001fb31d16b84:   03 41 3b 90 10 1f 00 00 75 04 49 83 80 18 1f 00
0x000001fb31d16b94:   00 01 e9 66 00 00 00 49 3b 10 20 1f 00 00 75 0d
0x000001fb31d16ba4:   49 81 80 28 1f 00 00 01 e9 50 00 00 00 49 81 b8
0x000001fb31d16bb4:   10 15 00 00 00 00 00 00 75 06 49 89 90 10 1f 00
0x000001fb31d16bc4:   00 08 c7 80 18 1f 00 00 01 00 00 00 e9 2c 00 00
0x000001fb31d16bd4:   00 08 81 b8 20 1f 00 00 00 00 00 00 75 17 49 89
0x000001fb31d16be4:   90 00 1f 00 00 49 c7 80 28 06 00 00 01 00 00 00
0x000001fb31d16bf4:   e9 08 00 00 00 49 83 80 00 0b 00 00 01 4c 8b 84
0x000001fb31d16c04:   24 20 01 00 00 4c 8b 8c 24 40 00 00 00 48 8b bc
0x000001fb31d16c14:   24 10 02 00 00 8b b4 24 54 00 00 00 4c 8b e9 48
0x000001fb31d16c24:   8b 8c 24 68 02 00 00 4c 89 04 24 48 89 44 24 08
0x000001fb31d16c34:   48 01 5c 24 10 4c 89 5c 24 00 48 8b 94 24 20 01
0x000001fb31d16c44:   00 00 90 e8 b4 a7 1e 02 48 80 c4 70 03 00 00 5d 


Stack slot to memory mapping:
stack at sp + 0 slots: 0x000001fb315fa0c3 is at code_begin+2307 in an Interpreter codelet
invoke return entry points  [0x000001fb315f97c0, 0x000001fb315fa1a0]  2528 bytes
stack at sp + 1 slots: 0x000000008b1d8f98 is an oop: org.gradle.api.internal.plugins.DefaultPluginManager_Decorated 
{0x000000008b1d8f98} - klass: 'org/gradle/api/internal/plugins/DefaultPluginManager_Decorated'
stack at sp + 2 slots: 0x00000067c4afa0c0 is pointing into the stack for thread: 0x000001fb518eb800
stack at sp + 3 slots: 0x000001fb4e17f220 is pointing into metadata
stack at sp + 4 slots: 0x00000067c4afa150 is pointing into the stack for thread: 0x000001fb518eb800
stack at sp + 5 slots: 0x000001fb4e17f2c0 is pointing into metadata
stack at sp + 6 slots: 0x0 is NULL
stack at sp + 7 slots: 0x0000000081ce5208 is an oop: java.lang.Class 
{0x0000000081ce5208} - klass: 'java/lang/Class'



---------------  P R O C E S S  ---------------

Threads class SMR info:
_java_thread_list=0x000001fb53c31480, length=37, elements={
0x000001fb2daed800, 0x000001fb476d1000, 0x000001fb476da800, 0x000001fb476ea000,
0x000001fb476ea800, 0x000001fb476ef000, 0x000001fb476f4800, 0x000001fb476fc800,
0x000001fb476fd800, 0x000001fb481a1000, 0x000001fb4936f800, 0x000001fb4a75e800,
0x000001fb494fb800, 0x000001fb4a8d1800, 0x000001fb4a8d7800, 0x000001fb4a8d8000,
0x000001fb4a8d2800, 0x000001fb4a8d3800, 0x000001fb4a8d5000, 0x000001fb4a8d6000,
0x000001fb4cf2c000, 0x000001fb4cf2d000, 0x000001fb4cf2f800, 0x000001fb4cf2a800,
0x000001fb4d794800, 0x000001fb518ef000, 0x000001fb518eb000, 0x000001fb518ed800,
0x000001fb518eb800, 0x000001fb518ee000, 0x000001fb518ec800, 0x000001fb518f0000,
0x000001fb518ea000, 0x000001fb518f2000, 0x000001fb518f5800, 0x000001fb518f6800,
0x000001fb518f0800
}

Java Threads: ( => current thread )
  0x000001fb2daed800 JavaThread "main" [_thread_blocked, id=10832, stack(0x00000067c3900000,0x00000067c3a00000)]
  0x000001fb476d1000 JavaThread "Reference Handler" daemon [_thread_blocked, id=7428, stack(0x00000067c4000000,0x00000067c4100000)]
  0x000001fb476da800 JavaThread "Finalizer" daemon [_thread_blocked, id=9484, stack(0x00000067c4100000,0x00000067c4200000)]
  0x000001fb476ea000 JavaThread "Signal Dispatcher" daemon [_thread_blocked, id=8280, stack(0x00000067c4200000,0x00000067c4300000)]
  0x000001fb476ea800 JavaThread "Attach Listener" daemon [_thread_blocked, id=2736, stack(0x00000067c4300000,0x00000067c4400000)]
  0x000001fb476ef000 JavaThread "Service Thread" daemon [_thread_blocked, id=10476, stack(0x00000067c4400000,0x00000067c4500000)]
  0x000001fb476f4800 JavaThread "C2 CompilerThread0" daemon [_thread_blocked, id=1092, stack(0x00000067c4500000,0x00000067c4600000)]
  0x000001fb476fc800 JavaThread "C1 CompilerThread0" daemon [_thread_blocked, id=4040, stack(0x00000067c4600000,0x00000067c4700000)]
  0x000001fb476fd800 JavaThread "Sweeper thread" daemon [_thread_blocked, id=10436, stack(0x00000067c4700000,0x00000067c4800000)]
  0x000001fb481a1000 JavaThread "Common-Cleaner" daemon [_thread_blocked, id=3996, stack(0x00000067c4800000,0x00000067c4900000)]
  0x000001fb4936f800 JavaThread "Daemon health stats" [_thread_blocked, id=5700, stack(0x00000067c4d00000,0x00000067c4e00000)]
  0x000001fb4a75e800 JavaThread "Incoming local TCP Connector on port 56344" [_thread_in_native, id=3916, stack(0x00000067c4e00000,0x00000067c4f00000)]
  0x000001fb494fb800 JavaThread "Daemon periodic checks" [_thread_blocked, id=2792, stack(0x00000067c4f00000,0x00000067c5000000)]
  0x000001fb4a8d1800 JavaThread "Cache worker for journal cache (C:\Users\this\.gradle\caches\journal-1)" [_thread_blocked, id=4568, stack(0x00000067c5800000,0x00000067c5900000)]
  0x000001fb4a8d7800 JavaThread "File lock request listener" [_thread_in_native, id=10484, stack(0x00000067c5900000,0x00000067c5a00000)]
  0x000001fb4a8d8000 JavaThread "Cache worker for file hash cache (C:\Users\this\.gradle\caches\7.2\fileHashes)" [_thread_blocked, id=4132, stack(0x00000067c5a00000,0x00000067c5b00000)]
  0x000001fb4a8d2800 JavaThread "File watcher server" daemon [_thread_in_native, id=8448, stack(0x00000067c5c00000,0x00000067c5d00000)]
  0x000001fb4a8d3800 JavaThread "File watcher consumer" daemon [_thread_blocked, id=10272, stack(0x00000067c5d00000,0x00000067c5e00000)]
  0x000001fb4a8d5000 JavaThread "jar transforms" [_thread_blocked, id=9940, stack(0x00000067c5e00000,0x00000067c5f00000)]
  0x000001fb4a8d6000 JavaThread "jar transforms Thread 2" [_thread_blocked, id=3752, stack(0x00000067c5f00000,0x00000067c6000000)]
  0x000001fb4cf2c000 JavaThread "jar transforms Thread 3" [_thread_blocked, id=10472, stack(0x00000067c6000000,0x00000067c6100000)]
  0x000001fb4cf2d000 JavaThread "jar transforms Thread 4" [_thread_blocked, id=1320, stack(0x00000067c6100000,0x00000067c6200000)]
  0x000001fb4cf2f800 JavaThread "Cache worker for execution history cache (C:\Users\this\.gradle\caches\7.2\executionHistory)" [_thread_blocked, id=5188, stack(0x00000067c6500000,0x00000067c6600000)]
  0x000001fb4cf2a800 JavaThread "Cache worker for file content cache (C:\Users\this\.gradle\caches\7.2\fileContent)" [_thread_blocked, id=4372, stack(0x00000067c6600000,0x00000067c6700000)]
  0x000001fb4d794800 JavaThread "Memory manager" [_thread_blocked, id=3724, stack(0x00000067c9100000,0x00000067c9200000)]
  0x000001fb518ef000 JavaThread "Daemon Thread 7" [_thread_blocked, id=6136, stack(0x00000067c3600000,0x00000067c3700000)]
  0x000001fb518eb000 JavaThread "Handler for socket connection from /127.0.0.1:56344 to /127.0.0.1:58562" [_thread_in_native, id=9632, stack(0x00000067c3700000,0x00000067c3800000)]
  0x000001fb518ed800 JavaThread "Cancel handler" [_thread_blocked, id=1252, stack(0x00000067c3800000,0x00000067c3900000)]
=>0x000001fb518eb800 JavaThread "Daemon worker Thread 7" [_thread_in_Java, id=7312, stack(0x00000067c4a00000,0x00000067c4b00000)]
  0x000001fb518ee000 JavaThread "Asynchronous log dispatcher for DefaultDaemonConnection: socket connection from /127.0.0.1:56344 to /127.0.0.1:58562" [_thread_blocked, id=7044, stack(0x00000067c5000000,0x00000067c5100000)]
  0x000001fb518ec800 JavaThread "Stdin handler" [_thread_blocked, id=5884, stack(0x00000067c5100000,0x00000067c5200000)]
  0x000001fb518f0000 JavaThread "Daemon client event forwarder" [_thread_blocked, id=420, stack(0x00000067c5200000,0x00000067c5300000)]
  0x000001fb518ea000 JavaThread "Cache worker for file hash cache (C:\Users\this\Desktop\Await\AwaitFit\AwaitFit\.gradle\7.2\fileHashes)" [_thread_blocked, id=5208, stack(0x00000067c5300000,0x00000067c5400000)]
  0x000001fb518f2000 JavaThread "Cache worker for checksums cache (C:\Users\this\Desktop\Await\AwaitFit\AwaitFit\.gradle\checksums)" [_thread_blocked, id=7404, stack(0x00000067c5400000,0x00000067c5500000)]
  0x000001fb518f5800 JavaThread "Cache worker for cache directory md-supplier (C:\Users\this\.gradle\caches\7.2\md-supplier)" [_thread_blocked, id=8148, stack(0x00000067c5500000,0x00000067c5600000)]
  0x000001fb518f6800 JavaThread "Cache worker for cache directory md-rule (C:\Users\this\.gradle\caches\7.2\md-rule)" [_thread_blocked, id=9208, stack(0x00000067c5700000,0x00000067c5800000)]
  0x000001fb518f0800 JavaThread "Cache worker for dependencies-accessors (C:\Users\this\Desktop\Await\AwaitFit\AwaitFit\.gradle\7.2\dependencies-accessors)" [_thread_blocked, id=1232, stack(0x00000067c5b00000,0x00000067c5c00000)]

Other Threads:
  0x000001fb47690000 VMThread "VM Thread" [stack: 0x00000067c3f00000,0x00000067c4000000] [id=5092]
  0x000001fb481b2800 WatcherThread [stack: 0x00000067c4900000,0x00000067c4a00000] [id=10512]
  0x000001fb2db06000 GCTaskThread "GC Thread#0" [stack: 0x00000067c3a00000,0x00000067c3b00000] [id=8604]
  0x000001fb483dd000 GCTaskThread "GC Thread#1" [stack: 0x00000067c4b00000,0x00000067c4c00000] [id=11028]
  0x000001fb487b9000 GCTaskThread "GC Thread#2" [stack: 0x00000067c4c00000,0x00000067c4d00000] [id=2584]
  0x000001fb4a3a4000 GCTaskThread "GC Thread#3" [stack: 0x00000067c5600000,0x00000067c5700000] [id=7000]
  0x000001fb2db35800 ConcurrentGCThread "G1 Main Marker" [stack: 0x00000067c3b00000,0x00000067c3c00000] [id=2648]
  0x000001fb2db37000 ConcurrentGCThread "G1 Conc#0" [stack: 0x00000067c3c00000,0x00000067c3d00000] [id=10504]
  0x000001fb2dbc6800 ConcurrentGCThread "G1 Refine#0" [stack: 0x00000067c3d00000,0x00000067c3e00000] [id=4904]
  0x000001fb2dbc7800 ConcurrentGCThread "G1 Young RemSet Sampling" [stack: 0x00000067c3e00000,0x00000067c3f00000] [id=2764]

Threads with active compile tasks:

VM state:not at safepoint (normal execution)

VM Mutex/Monitor currently owned by a thread: None

Heap address: 0x0000000080000000, size: 2048 MB, Compressed Oops mode: 32-bit
Narrow klass base: 0x0000000000000000, Narrow klass shift: 3
Compressed class space size: 1073741824 Address: 0x0000000100000000

Heap:
 garbage-first heap   total 227328K, used 188932K [0x0000000080000000, 0x0000000100000000)
  region size 1024K, 45 young (46080K), 1 survivors (1024K)
 Metaspace       used 129448K, capacity 133572K, committed 133956K, reserved 1165312K
  class space    used 16347K, capacity 17786K, committed 17916K, reserved 1048576K
Heap Regions: E=young(eden), S=young(survivor), O=old, HS=humongous(starts), HC=humongous(continues), CS=collection set, F=free, A=archive, TAMS=top-at-mark-start (previous, next)
|   0|0x0000000080000000, 0x0000000080100000, 0x0000000080100000|100%| O|  |TAMS 0x0000000080100000, 0x0000000080000000| Untracked 
|   1|0x0000000080100000, 0x0000000080200000, 0x0000000080200000|100%| O|  |TAMS 0x0000000080200000, 0x0000000080100000| Untracked 
|   2|0x0000000080200000, 0x0000000080300000, 0x0000000080300000|100%| O|  |TAMS 0x0000000080300000, 0x0000000080200000| Untracked 
|   3|0x0000000080300000, 0x0000000080400000, 0x0000000080400000|100%|HS|  |TAMS 0x0000000080400000, 0x0000000080300000| Complete 
|   4|0x0000000080400000, 0x0000000080500000, 0x0000000080500000|100%|HC|  |TAMS 0x0000000080500000, 0x0000000080400000| Complete 
|   5|0x0000000080500000, 0x0000000080600000, 0x0000000080600000|100%|HC|  |TAMS 0x0000000080600000, 0x0000000080500000| Complete 
|   6|0x0000000080600000, 0x0000000080700000, 0x0000000080700000|100%| O|  |TAMS 0x0000000080700000, 0x0000000080600000| Untracked 
|   7|0x0000000080700000, 0x0000000080800000, 0x0000000080800000|100%| O|  |TAMS 0x0000000080800000, 0x0000000080700000| Untracked 
|   8|0x0000000080800000, 0x0000000080900000, 0x0000000080900000|100%| O|  |TAMS 0x0000000080900000, 0x0000000080800000| Untracked 
|   9|0x0000000080900000, 0x0000000080a00000, 0x0000000080a00000|100%| O|  |TAMS 0x0000000080a00000, 0x0000000080900000| Untracked 
|  10|0x0000000080a00000, 0x0000000080b00000, 0x0000000080b00000|100%| O|  |TAMS 0x0000000080b00000, 0x0000000080a00000| Untracked 
|  11|0x0000000080b00000, 0x0000000080c00000, 0x0000000080c00000|100%| O|  |TAMS 0x0000000080c00000, 0x0000000080b00000| Untracked 
|  12|0x0000000080c00000, 0x0000000080d00000, 0x0000000080d00000|100%| O|  |TAMS 0x0000000080d00000, 0x0000000080c00000| Untracked 
|  13|0x0000000080d00000, 0x0000000080e00000, 0x0000000080e00000|100%| O|  |TAMS 0x0000000080e00000, 0x0000000080d00000| Untracked 
|  14|0x0000000080e00000, 0x0000000080f00000, 0x0000000080f00000|100%| O|  |TAMS 0x0000000080f00000, 0x0000000080e00000| Untracked 
|  15|0x0000000080f00000, 0x0000000081000000, 0x0000000081000000|100%|HS|  |TAMS 0x0000000081000000, 0x0000000080f00000| Complete 
|  16|0x0000000081000000, 0x0000000081100000, 0x0000000081100000|100%|HC|  |TAMS 0x0000000081100000, 0x0000000081000000| Complete 
|  17|0x0000000081100000, 0x0000000081200000, 0x0000000081200000|100%|HS|  |TAMS 0x0000000081200000, 0x0000000081100000| Complete 
|  18|0x0000000081200000, 0x0000000081300000, 0x0000000081300000|100%|HC|  |TAMS 0x0000000081300000, 0x0000000081200000| Complete 
|  19|0x0000000081300000, 0x0000000081400000, 0x0000000081400000|100%|HC|  |TAMS 0x0000000081400000, 0x0000000081300000| Complete 
|  20|0x0000000081400000, 0x0000000081500000, 0x0000000081500000|100%|HS|  |TAMS 0x0000000081500000, 0x0000000081400000| Complete 
|  21|0x0000000081500000, 0x0000000081600000, 0x0000000081600000|100%|HC|  |TAMS 0x0000000081600000, 0x0000000081500000| Complete 
|  22|0x0000000081600000, 0x0000000081700000, 0x0000000081700000|100%|HC|  |TAMS 0x0000000081700000, 0x0000000081600000| Complete 
|  23|0x0000000081700000, 0x0000000081800000, 0x0000000081800000|100%|HC|  |TAMS 0x0000000081800000, 0x0000000081700000| Complete 
|  24|0x0000000081800000, 0x0000000081900000, 0x0000000081900000|100%| O|  |TAMS 0x0000000081900000, 0x0000000081800000| Untracked 
|  25|0x0000000081900000, 0x0000000081a00000, 0x0000000081a00000|100%| O|  |TAMS 0x0000000081a00000, 0x0000000081900000| Untracked 
|  26|0x0000000081a00000, 0x0000000081b00000, 0x0000000081b00000|100%| O|  |TAMS 0x0000000081b00000, 0x0000000081a00000| Untracked 
|  27|0x0000000081b00000, 0x0000000081c00000, 0x0000000081c00000|100%| O|  |TAMS 0x0000000081c00000, 0x0000000081b00000| Untracked 
|  28|0x0000000081c00000, 0x0000000081d00000, 0x0000000081d00000|100%| O|  |TAMS 0x0000000081d00000, 0x0000000081c00000| Untracked 
|  29|0x0000000081d00000, 0x0000000081e00000, 0x0000000081e00000|100%| O|  |TAMS 0x0000000081e00000, 0x0000000081d00000| Untracked 
|  30|0x0000000081e00000, 0x0000000081f00000, 0x0000000081f00000|100%| O|  |TAMS 0x0000000081f00000, 0x0000000081e00000| Untracked 
|  31|0x0000000081f00000, 0x0000000082000000, 0x0000000082000000|100%| O|  |TAMS 0x0000000082000000, 0x0000000081f00000| Untracked 
|  32|0x0000000082000000, 0x0000000082100000, 0x0000000082100000|100%| O|  |TAMS 0x0000000082100000, 0x0000000082000000| Untracked 
|  33|0x0000000082100000, 0x0000000082200000, 0x0000000082200000|100%| O|  |TAMS 0x0000000082200000, 0x0000000082100000| Untracked 
|  34|0x0000000082200000, 0x0000000082300000, 0x0000000082300000|100%|HS|  |TAMS 0x0000000082300000, 0x0000000082200000| Complete 
|  35|0x0000000082300000, 0x0000000082400000, 0x0000000082400000|100%|HC|  |TAMS 0x0000000082400000, 0x0000000082300000| Complete 
|  36|0x0000000082400000, 0x0000000082500000, 0x0000000082500000|100%|HC|  |TAMS 0x0000000082500000, 0x0000000082400000| Complete 
|  37|0x0000000082500000, 0x0000000082600000, 0x0000000082600000|100%| O|  |TAMS 0x0000000082600000, 0x0000000082500000| Untracked 
|  38|0x0000000082600000, 0x0000000082700000, 0x0000000082700000|100%| O|  |TAMS 0x0000000082700000, 0x0000000082600000| Untracked 
|  39|0x0000000082700000, 0x0000000082800000, 0x0000000082800000|100%| O|  |TAMS 0x0000000082800000, 0x0000000082700000| Untracked 
|  40|0x0000000082800000, 0x0000000082900000, 0x0000000082900000|100%| O|  |TAMS 0x0000000082900000, 0x0000000082800000| Untracked 
|  41|0x0000000082900000, 0x0000000082a00000, 0x0000000082a00000|100%| O|  |TAMS 0x0000000082a00000, 0x0000000082900000| Untracked 
|  42|0x0000000082a00000, 0x0000000082b00000, 0x0000000082b00000|100%|HS|  |TAMS 0x0000000082b00000, 0x0000000082a00000| Complete 
|  43|0x0000000082b00000, 0x0000000082c00000, 0x0000000082c00000|100%|HC|  |TAMS 0x0000000082c00000, 0x0000000082b00000| Complete 
|  44|0x0000000082c00000, 0x0000000082d00000, 0x0000000082d00000|100%|HC|  |TAMS 0x0000000082d00000, 0x0000000082c00000| Complete 
|  45|0x0000000082d00000, 0x0000000082e00000, 0x0000000082e00000|100%|HC|  |TAMS 0x0000000082e00000, 0x0000000082d00000| Complete 
|  46|0x0000000082e00000, 0x0000000082f00000, 0x0000000082f00000|100%| O|  |TAMS 0x0000000082f00000, 0x0000000082e00000| Untracked 
|  47|0x0000000082f00000, 0x0000000083000000, 0x0000000083000000|100%| O|  |TAMS 0x0000000083000000, 0x0000000082f00000| Untracked 
|  48|0x0000000083000000, 0x0000000083100000, 0x0000000083100000|100%| O|  |TAMS 0x0000000083100000, 0x0000000083000000| Untracked 
|  49|0x0000000083100000, 0x0000000083200000, 0x0000000083200000|100%| O|  |TAMS 0x0000000083200000, 0x0000000083100000| Untracked 
|  50|0x0000000083200000, 0x0000000083300000, 0x0000000083300000|100%| O|  |TAMS 0x0000000083300000, 0x0000000083200000| Untracked 
|  51|0x0000000083300000, 0x0000000083400000, 0x0000000083400000|100%| O|  |TAMS 0x0000000083400000, 0x0000000083300000| Untracked 
|  52|0x0000000083400000, 0x0000000083500000, 0x0000000083500000|100%| O|  |TAMS 0x0000000083500000, 0x0000000083400000| Untracked 
|  53|0x0000000083500000, 0x0000000083600000, 0x0000000083600000|100%| O|  |TAMS 0x0000000083600000, 0x0000000083500000| Untracked 
|  54|0x0000000083600000, 0x0000000083700000, 0x0000000083700000|100%|HS|  |TAMS 0x0000000083700000, 0x0000000083600000| Complete 
|  55|0x0000000083700000, 0x0000000083800000, 0x0000000083800000|100%|HS|  |TAMS 0x0000000083800000, 0x0000000083700000| Complete 
|  56|0x0000000083800000, 0x0000000083900000, 0x0000000083900000|100%|HS|  |TAMS 0x0000000083900000, 0x0000000083800000| Complete 
|  57|0x0000000083900000, 0x0000000083a00000, 0x0000000083a00000|100%|HS|  |TAMS 0x0000000083a00000, 0x0000000083900000| Complete 
|  58|0x0000000083a00000, 0x0000000083b00000, 0x0000000083b00000|100%|HS|  |TAMS 0x0000000083b00000, 0x0000000083a00000| Complete 
|  59|0x0000000083b00000, 0x0000000083c00000, 0x0000000083c00000|100%|HC|  |TAMS 0x0000000083c00000, 0x0000000083b00000| Complete 
|  60|0x0000000083c00000, 0x0000000083d00000, 0x0000000083d00000|100%|HC|  |TAMS 0x0000000083d00000, 0x0000000083c00000| Complete 
|  61|0x0000000083d00000, 0x0000000083e00000, 0x0000000083e00000|100%|HS|  |TAMS 0x0000000083e00000, 0x0000000083d00000| Complete 
|  62|0x0000000083e00000, 0x0000000083f00000, 0x0000000083f00000|100%|HC|  |TAMS 0x0000000083f00000, 0x0000000083e00000| Complete 
|  63|0x0000000083f00000, 0x0000000084000000, 0x0000000084000000|100%| O|  |TAMS 0x0000000083f00000, 0x0000000083f00000| Untracked 
|  64|0x0000000084000000, 0x0000000084100000, 0x0000000084100000|100%| O|  |TAMS 0x0000000084000000, 0x0000000084000000| Untracked 
|  65|0x0000000084100000, 0x0000000084200000, 0x0000000084200000|100%| O|  |TAMS 0x0000000084200000, 0x0000000084100000| Untracked 
|  66|0x0000000084200000, 0x0000000084300000, 0x0000000084300000|100%| O|  |TAMS 0x0000000084300000, 0x0000000084200000| Untracked 
|  67|0x0000000084300000, 0x0000000084400000, 0x0000000084400000|100%| O|  |TAMS 0x0000000084400000, 0x0000000084300000| Untracked 
|  68|0x0000000084400000, 0x0000000084500000, 0x0000000084500000|100%| O|  |TAMS 0x0000000084500000, 0x0000000084400000| Untracked 
|  69|0x0000000084500000, 0x0000000084600000, 0x0000000084600000|100%| O|  |TAMS 0x0000000084600000, 0x0000000084500000| Untracked 
|  70|0x0000000084600000, 0x0000000084700000, 0x0000000084700000|100%| O|  |TAMS 0x0000000084700000, 0x0000000084600000| Untracked 
|  71|0x0000000084700000, 0x0000000084800000, 0x0000000084800000|100%| O|  |TAMS 0x0000000084800000, 0x0000000084700000| Untracked 
|  72|0x0000000084800000, 0x0000000084900000, 0x0000000084900000|100%| O|  |TAMS 0x0000000084900000, 0x0000000084800000| Untracked 
|  73|0x0000000084900000, 0x0000000084a00000, 0x0000000084a00000|100%| O|  |TAMS 0x0000000084a00000, 0x0000000084900000| Untracked 
|  74|0x0000000084a00000, 0x0000000084b00000, 0x0000000084b00000|100%| O|  |TAMS 0x0000000084a00000, 0x0000000084a00000| Untracked 
|  75|0x0000000084b00000, 0x0000000084c00000, 0x0000000084c00000|100%| O|  |TAMS 0x0000000084c00000, 0x0000000084b00000| Untracked 
|  76|0x0000000084c00000, 0x0000000084d00000, 0x0000000084d00000|100%| O|  |TAMS 0x0000000084d00000, 0x0000000084c00000| Untracked 
|  77|0x0000000084d00000, 0x0000000084e00000, 0x0000000084e00000|100%| O|  |TAMS 0x0000000084e00000, 0x0000000084d00000| Untracked 
|  78|0x0000000084e00000, 0x0000000084f00000, 0x0000000084f00000|100%| O|  |TAMS 0x0000000084f00000, 0x0000000084e00000| Untracked 
|  79|0x0000000084f00000, 0x0000000085000000, 0x0000000085000000|100%| O|  |TAMS 0x0000000085000000, 0x0000000084f00000| Untracked 
|  80|0x0000000085000000, 0x0000000085100000, 0x0000000085100000|100%| O|  |TAMS 0x0000000085100000, 0x0000000085000000| Untracked 
|  81|0x0000000085100000, 0x0000000085200000, 0x0000000085200000|100%| O|  |TAMS 0x0000000085200000, 0x0000000085100000| Untracked 
|  82|0x0000000085200000, 0x0000000085300000, 0x0000000085300000|100%| O|  |TAMS 0x0000000085300000, 0x0000000085200000| Untracked 
|  83|0x0000000085300000, 0x0000000085400000, 0x0000000085400000|100%| O|  |TAMS 0x0000000085300000, 0x0000000085300000| Untracked 
|  84|0x0000000085400000, 0x0000000085500000, 0x0000000085500000|100%| O|  |TAMS 0x0000000085500000, 0x0000000085400000| Untracked 
|  85|0x0000000085500000, 0x0000000085600000, 0x0000000085600000|100%| O|  |TAMS 0x0000000085600000, 0x0000000085500000| Untracked 
|  86|0x0000000085600000, 0x0000000085700000, 0x0000000085700000|100%| O|  |TAMS 0x0000000085700000, 0x0000000085600000| Untracked 
|  87|0x0000000085700000, 0x0000000085800000, 0x0000000085800000|100%| O|  |TAMS 0x0000000085700000, 0x0000000085700000| Untracked 
|  88|0x0000000085800000, 0x0000000085900000, 0x0000000085900000|100%|HS|  |TAMS 0x0000000085900000, 0x0000000085800000| Complete 
|  89|0x0000000085900000, 0x0000000085a00000, 0x0000000085a00000|100%|HC|  |TAMS 0x0000000085a00000, 0x0000000085900000| Complete 
|  90|0x0000000085a00000, 0x0000000085b00000, 0x0000000085b00000|100%|HS|  |TAMS 0x0000000085b00000, 0x0000000085a00000| Complete 
|  91|0x0000000085b00000, 0x0000000085c00000, 0x0000000085c00000|100%|HC|  |TAMS 0x0000000085c00000, 0x0000000085b00000| Complete 
|  92|0x0000000085c00000, 0x0000000085d00000, 0x0000000085d00000|100%|HC|  |TAMS 0x0000000085d00000, 0x0000000085c00000| Complete 
|  93|0x0000000085d00000, 0x0000000085e00000, 0x0000000085e00000|100%|HS|  |TAMS 0x0000000085e00000, 0x0000000085d00000| Complete 
|  94|0x0000000085e00000, 0x0000000085f00000, 0x0000000085f00000|100%|HC|  |TAMS 0x0000000085f00000, 0x0000000085e00000| Complete 
|  95|0x0000000085f00000, 0x0000000086000000, 0x0000000086000000|100%|HC|  |TAMS 0x0000000086000000, 0x0000000085f00000| Complete 
|  96|0x0000000086000000, 0x0000000086100000, 0x0000000086100000|100%|HC|  |TAMS 0x0000000086100000, 0x0000000086000000| Complete 
|  97|0x0000000086100000, 0x0000000086200000, 0x0000000086200000|100%| O|  |TAMS 0x0000000086200000, 0x0000000086100000| Untracked 
|  98|0x0000000086200000, 0x0000000086300000, 0x0000000086300000|100%| O|  |TAMS 0x0000000086300000, 0x0000000086200000| Untracked 
|  99|0x0000000086300000, 0x0000000086400000, 0x0000000086400000|100%| O|  |TAMS 0x0000000086400000, 0x0000000086300000| Untracked 
| 100|0x0000000086400000, 0x0000000086500000, 0x0000000086500000|100%| O|  |TAMS 0x0000000086500000, 0x0000000086400000| Untracked 
| 101|0x0000000086500000, 0x0000000086600000, 0x0000000086600000|100%| O|  |TAMS 0x0000000086600000, 0x0000000086500000| Untracked 
| 102|0x0000000086600000, 0x0000000086700000, 0x0000000086700000|100%| O|  |TAMS 0x0000000086700000, 0x0000000086600000| Untracked 
| 103|0x0000000086700000, 0x0000000086800000, 0x0000000086800000|100%| O|  |TAMS 0x0000000086800000, 0x0000000086700000| Untracked 
| 104|0x0000000086800000, 0x0000000086900000, 0x0000000086900000|100%| O|  |TAMS 0x0000000086900000, 0x0000000086800000| Untracked 
| 105|0x0000000086900000, 0x0000000086a00000, 0x0000000086a00000|100%| O|  |TAMS 0x0000000086a00000, 0x0000000086900000| Untracked 
| 106|0x0000000086a00000, 0x0000000086b00000, 0x0000000086b00000|100%| O|  |TAMS 0x0000000086b00000, 0x0000000086a00000| Untracked 
| 107|0x0000000086b00000, 0x0000000086b29400, 0x0000000086c00000| 16%| O|  |TAMS 0x0000000086b00000, 0x0000000086b00000| Untracked 
| 108|0x0000000086c00000, 0x0000000086c00000, 0x0000000086d00000|  0%| F|  |TAMS 0x0000000086c00000, 0x0000000086c00000| Untracked 
| 109|0x0000000086d00000, 0x0000000086e00000, 0x0000000086e00000|100%| O|  |TAMS 0x0000000086e00000, 0x0000000086d00000| Untracked 
| 110|0x0000000086e00000, 0x0000000086e00000, 0x0000000086f00000|  0%| F|  |TAMS 0x0000000086e00000, 0x0000000086e00000| Untracked 
| 111|0x0000000086f00000, 0x0000000086f00000, 0x0000000087000000|  0%| F|  |TAMS 0x0000000086f00000, 0x0000000086f00000| Untracked 
| 112|0x0000000087000000, 0x0000000087100000, 0x0000000087100000|100%| O|  |TAMS 0x0000000087100000, 0x0000000087000000| Untracked 
| 113|0x0000000087100000, 0x0000000087200000, 0x0000000087200000|100%| O|  |TAMS 0x0000000087200000, 0x0000000087100000| Untracked 
| 114|0x0000000087200000, 0x0000000087300000, 0x0000000087300000|100%| O|  |TAMS 0x0000000087300000, 0x0000000087200000| Untracked 
| 115|0x0000000087300000, 0x0000000087300000, 0x0000000087400000|  0%| F|  |TAMS 0x0000000087300000, 0x0000000087300000| Untracked 
| 116|0x0000000087400000, 0x0000000087400000, 0x0000000087500000|  0%| F|  |TAMS 0x0000000087400000, 0x0000000087400000| Untracked 
| 117|0x0000000087500000, 0x0000000087600000, 0x0000000087600000|100%| O|  |TAMS 0x0000000087600000, 0x0000000087500000| Untracked 
| 118|0x0000000087600000, 0x0000000087700000, 0x0000000087700000|100%| O|  |TAMS 0x0000000087700000, 0x0000000087600000| Untracked 
| 119|0x0000000087700000, 0x0000000087800000, 0x0000000087800000|100%| O|  |TAMS 0x0000000087800000, 0x0000000087700000| Untracked 
| 120|0x0000000087800000, 0x0000000087800000, 0x0000000087900000|  0%| F|  |TAMS 0x0000000087800000, 0x0000000087800000| Untracked 
| 121|0x0000000087900000, 0x0000000087a00000, 0x0000000087a00000|100%| O|  |TAMS 0x0000000087a00000, 0x0000000087900000| Untracked 
| 122|0x0000000087a00000, 0x0000000087b00000, 0x0000000087b00000|100%| O|  |TAMS 0x0000000087b00000, 0x0000000087a00000| Untracked 
| 123|0x0000000087b00000, 0x0000000087c00000, 0x0000000087c00000|100%| O|  |TAMS 0x0000000087c00000, 0x0000000087b00000| Untracked 
| 124|0x0000000087c00000, 0x0000000087c00000, 0x0000000087d00000|  0%| F|  |TAMS 0x0000000087c00000, 0x0000000087c00000| Untracked 
| 125|0x0000000087d00000, 0x0000000087d00000, 0x0000000087e00000|  0%| F|  |TAMS 0x0000000087d00000, 0x0000000087d00000| Untracked 
| 126|0x0000000087e00000, 0x0000000087f00000, 0x0000000087f00000|100%| O|  |TAMS 0x0000000087f00000, 0x0000000087e00000| Untracked 
| 127|0x0000000087f00000, 0x0000000087f00000, 0x0000000088000000|  0%| F|  |TAMS 0x0000000087f00000, 0x0000000087f00000| Untracked 
| 128|0x0000000088000000, 0x0000000088000000, 0x0000000088100000|  0%| F|  |TAMS 0x0000000088000000, 0x0000000088000000| Untracked 
| 129|0x0000000088100000, 0x0000000088100000, 0x0000000088200000|  0%| F|  |TAMS 0x0000000088100000, 0x0000000088100000| Untracked 
| 130|0x0000000088200000, 0x0000000088300000, 0x0000000088300000|100%| O|  |TAMS 0x0000000088300000, 0x0000000088200000| Untracked 
| 131|0x0000000088300000, 0x0000000088400000, 0x0000000088400000|100%| O|  |TAMS 0x0000000088400000, 0x0000000088300000| Untracked 
| 132|0x0000000088400000, 0x0000000088500000, 0x0000000088500000|100%| O|  |TAMS 0x0000000088500000, 0x0000000088400000| Untracked 
| 133|0x0000000088500000, 0x0000000088600000, 0x0000000088600000|100%| O|  |TAMS 0x0000000088600000, 0x0000000088500000| Untracked 
| 134|0x0000000088600000, 0x0000000088700000, 0x0000000088700000|100%| O|  |TAMS 0x0000000088700000, 0x0000000088600000| Untracked 
| 135|0x0000000088700000, 0x0000000088800000, 0x0000000088800000|100%| O|  |TAMS 0x0000000088800000, 0x0000000088700000| Untracked 
| 136|0x0000000088800000, 0x0000000088900000, 0x0000000088900000|100%| O|  |TAMS 0x0000000088900000, 0x0000000088800000| Untracked 
| 137|0x0000000088900000, 0x0000000088a00000, 0x0000000088a00000|100%| O|  |TAMS 0x0000000088a00000, 0x0000000088900000| Untracked 
| 138|0x0000000088a00000, 0x0000000088b00000, 0x0000000088b00000|100%| O|  |TAMS 0x0000000088b00000, 0x0000000088a00000| Untracked 
| 139|0x0000000088b00000, 0x0000000088c00000, 0x0000000088c00000|100%| O|  |TAMS 0x0000000088c00000, 0x0000000088b00000| Untracked 
| 140|0x0000000088c00000, 0x0000000088d00000, 0x0000000088d00000|100%| O|  |TAMS 0x0000000088d00000, 0x0000000088c00000| Untracked 
| 141|0x0000000088d00000, 0x0000000088e00000, 0x0000000088e00000|100%| O|  |TAMS 0x0000000088e00000, 0x0000000088d00000| Untracked 
| 142|0x0000000088e00000, 0x0000000088f00000, 0x0000000088f00000|100%| O|  |TAMS 0x0000000088f00000, 0x0000000088e00000| Untracked 
| 143|0x0000000088f00000, 0x0000000089000000, 0x0000000089000000|100%| O|  |TAMS 0x0000000089000000, 0x0000000088f00000| Untracked 
| 144|0x0000000089000000, 0x0000000089100000, 0x0000000089100000|100%| O|  |TAMS 0x0000000089027c00, 0x0000000089000000| Untracked 
| 145|0x0000000089100000, 0x0000000089100000, 0x0000000089200000|  0%| F|  |TAMS 0x0000000089100000, 0x0000000089100000| Untracked 
| 146|0x0000000089200000, 0x0000000089300000, 0x0000000089300000|100%| O|  |TAMS 0x0000000089300000, 0x0000000089200000| Untracked 
| 147|0x0000000089300000, 0x0000000089400000, 0x0000000089400000|100%| O|  |TAMS 0x0000000089400000, 0x0000000089300000| Untracked 
| 148|0x0000000089400000, 0x0000000089500000, 0x0000000089500000|100%| O|  |TAMS 0x0000000089500000, 0x0000000089400000| Untracked 
| 149|0x0000000089500000, 0x0000000089500000, 0x0000000089600000|  0%| F|  |TAMS 0x0000000089500000, 0x0000000089500000| Untracked 
| 150|0x0000000089600000, 0x0000000089600000, 0x0000000089700000|  0%| F|  |TAMS 0x0000000089600000, 0x0000000089600000| Untracked 
| 151|0x0000000089700000, 0x0000000089700000, 0x0000000089800000|  0%| F|  |TAMS 0x0000000089700000, 0x0000000089700000| Untracked 
| 152|0x0000000089800000, 0x0000000089800000, 0x0000000089900000|  0%| F|  |TAMS 0x0000000089800000, 0x0000000089800000| Untracked 
| 153|0x0000000089900000, 0x0000000089900000, 0x0000000089a00000|  0%| F|  |TAMS 0x0000000089900000, 0x0000000089900000| Untracked 
| 154|0x0000000089a00000, 0x0000000089b00000, 0x0000000089b00000|100%| O|  |TAMS 0x0000000089b00000, 0x0000000089a00000| Untracked 
| 155|0x0000000089b00000, 0x0000000089c00000, 0x0000000089c00000|100%| O|  |TAMS 0x0000000089c00000, 0x0000000089b00000| Untracked 
| 156|0x0000000089c00000, 0x0000000089d00000, 0x0000000089d00000|100%| O|  |TAMS 0x0000000089d00000, 0x0000000089c00000| Untracked 
| 157|0x0000000089d00000, 0x0000000089e00000, 0x0000000089e00000|100%| O|  |TAMS 0x0000000089e00000, 0x0000000089d00000| Untracked 
| 158|0x0000000089e00000, 0x0000000089f00000, 0x0000000089f00000|100%| O|  |TAMS 0x0000000089f00000, 0x0000000089e00000| Untracked 
| 159|0x0000000089f00000, 0x0000000089f00000, 0x000000008a000000|  0%| F|  |TAMS 0x0000000089f00000, 0x0000000089f00000| Untracked 
| 160|0x000000008a000000, 0x000000008a000000, 0x000000008a100000|  0%| F|  |TAMS 0x000000008a000000, 0x000000008a000000| Untracked 
| 161|0x000000008a100000, 0x000000008a100000, 0x000000008a200000|  0%| F|  |TAMS 0x000000008a100000, 0x000000008a100000| Untracked 
| 162|0x000000008a200000, 0x000000008a200000, 0x000000008a300000|  0%| F|  |TAMS 0x000000008a200000, 0x000000008a200000| Untracked 
| 163|0x000000008a300000, 0x000000008a300000, 0x000000008a400000|  0%| F|  |TAMS 0x000000008a300000, 0x000000008a300000| Untracked 
| 164|0x000000008a400000, 0x000000008a400000, 0x000000008a500000|  0%| F|  |TAMS 0x000000008a400000, 0x000000008a400000| Untracked 
| 165|0x000000008a500000, 0x000000008a500000, 0x000000008a600000|  0%| F|  |TAMS 0x000000008a500000, 0x000000008a500000| Untracked 
| 166|0x000000008a600000, 0x000000008a600000, 0x000000008a700000|  0%| F|  |TAMS 0x000000008a600000, 0x000000008a600000| Untracked 
| 167|0x000000008a700000, 0x000000008a700000, 0x000000008a800000|  0%| F|  |TAMS 0x000000008a700000, 0x000000008a700000| Untracked 
| 168|0x000000008a800000, 0x000000008a800000, 0x000000008a900000|  0%| F|  |TAMS 0x000000008a800000, 0x000000008a800000| Untracked 
| 169|0x000000008a900000, 0x000000008a900000, 0x000000008aa00000|  0%| F|  |TAMS 0x000000008a900000, 0x000000008a900000| Untracked 
| 170|0x000000008aa00000, 0x000000008aa00000, 0x000000008ab00000|  0%| F|  |TAMS 0x000000008aa00000, 0x000000008aa00000| Untracked 
| 171|0x000000008ab00000, 0x000000008ab00000, 0x000000008ac00000|  0%| F|  |TAMS 0x000000008ab00000, 0x000000008ab00000| Untracked 
| 172|0x000000008ac00000, 0x000000008ac00000, 0x000000008ad00000|  0%| F|  |TAMS 0x000000008ac00000, 0x000000008ac00000| Untracked 
| 173|0x000000008ad00000, 0x000000008ad00000, 0x000000008ae00000|  0%| F|  |TAMS 0x000000008ad00000, 0x000000008ad00000| Untracked 
| 174|0x000000008ae00000, 0x000000008ae00000, 0x000000008af00000|  0%| F|  |TAMS 0x000000008ae00000, 0x000000008ae00000| Untracked 
| 175|0x000000008af00000, 0x000000008af00000, 0x000000008b000000|  0%| F|  |TAMS 0x000000008af00000, 0x000000008af00000| Untracked 
| 176|0x000000008b000000, 0x000000008b000000, 0x000000008b100000|  0%| F|  |TAMS 0x000000008b000000, 0x000000008b000000| Untracked 
| 177|0x000000008b100000, 0x000000008b1e6e58, 0x000000008b200000| 90%| E|  |TAMS 0x000000008b100000, 0x000000008b100000| Complete 
| 178|0x000000008b200000, 0x000000008b300000, 0x000000008b300000|100%| E|CS|TAMS 0x000000008b200000, 0x000000008b200000| Complete 
| 179|0x000000008b300000, 0x000000008b400000, 0x000000008b400000|100%| E|CS|TAMS 0x000000008b300000, 0x000000008b300000| Complete 
| 180|0x000000008b400000, 0x000000008b500000, 0x000000008b500000|100%| E|CS|TAMS 0x000000008b400000, 0x000000008b400000| Complete 
| 181|0x000000008b500000, 0x000000008b600000, 0x000000008b600000|100%| E|CS|TAMS 0x000000008b500000, 0x000000008b500000| Complete 
| 182|0x000000008b600000, 0x000000008b700000, 0x000000008b700000|100%| E|CS|TAMS 0x000000008b600000, 0x000000008b600000| Complete 
| 183|0x000000008b700000, 0x000000008b800000, 0x000000008b800000|100%| E|CS|TAMS 0x000000008b700000, 0x000000008b700000| Complete 
| 184|0x000000008b800000, 0x000000008b900000, 0x000000008b900000|100%| E|CS|TAMS 0x000000008b800000, 0x000000008b800000| Complete 
| 185|0x000000008b900000, 0x000000008ba00000, 0x000000008ba00000|100%| E|CS|TAMS 0x000000008b900000, 0x000000008b900000| Complete 
| 186|0x000000008ba00000, 0x000000008bb00000, 0x000000008bb00000|100%| E|CS|TAMS 0x000000008ba00000, 0x000000008ba00000| Complete 
| 187|0x000000008bb00000, 0x000000008bc00000, 0x000000008bc00000|100%| E|CS|TAMS 0x000000008bb00000, 0x000000008bb00000| Complete 
| 188|0x000000008bc00000, 0x000000008bd00000, 0x000000008bd00000|100%| E|CS|TAMS 0x000000008bc00000, 0x000000008bc00000| Complete 
| 189|0x000000008bd00000, 0x000000008be00000, 0x000000008be00000|100%| E|CS|TAMS 0x000000008bd00000, 0x000000008bd00000| Complete 
| 190|0x000000008be00000, 0x000000008bf00000, 0x000000008bf00000|100%| E|CS|TAMS 0x000000008be00000, 0x000000008be00000| Complete 
| 191|0x000000008bf00000, 0x000000008c000000, 0x000000008c000000|100%| E|CS|TAMS 0x000000008bf00000, 0x000000008bf00000| Complete 
| 192|0x000000008c000000, 0x000000008c100000, 0x000000008c100000|100%| E|CS|TAMS 0x000000008c000000, 0x000000008c000000| Complete 
| 193|0x000000008c100000, 0x000000008c200000, 0x000000008c200000|100%| E|CS|TAMS 0x000000008c100000, 0x000000008c100000| Complete 
| 194|0x000000008c200000, 0x000000008c300000, 0x000000008c300000|100%| E|CS|TAMS 0x000000008c200000, 0x000000008c200000| Complete 
| 195|0x000000008c300000, 0x000000008c400000, 0x000000008c400000|100%| E|CS|TAMS 0x000000008c300000, 0x000000008c300000| Complete 
| 196|0x000000008c400000, 0x000000008c500000, 0x000000008c500000|100%| E|CS|TAMS 0x000000008c400000, 0x000000008c400000| Complete 
| 197|0x000000008c500000, 0x000000008c600000, 0x000000008c600000|100%| E|CS|TAMS 0x000000008c500000, 0x000000008c500000| Complete 
| 198|0x000000008c600000, 0x000000008c700000, 0x000000008c700000|100%| E|CS|TAMS 0x000000008c600000, 0x000000008c600000| Complete 
| 199|0x000000008c700000, 0x000000008c800000, 0x000000008c800000|100%| E|CS|TAMS 0x000000008c700000, 0x000000008c700000| Complete 
| 200|0x000000008c800000, 0x000000008c900000, 0x000000008c900000|100%| E|CS|TAMS 0x000000008c800000, 0x000000008c800000| Complete 
| 201|0x000000008c900000, 0x000000008ca00000, 0x000000008ca00000|100%| E|CS|TAMS 0x000000008c900000, 0x000000008c900000| Complete 
| 202|0x000000008ca00000, 0x000000008cb00000, 0x000000008cb00000|100%| E|CS|TAMS 0x000000008ca00000, 0x000000008ca00000| Complete 
| 203|0x000000008cb00000, 0x000000008cc00000, 0x000000008cc00000|100%| E|CS|TAMS 0x000000008cb00000, 0x000000008cb00000| Complete 
| 204|0x000000008cc00000, 0x000000008cd00000, 0x000000008cd00000|100%| E|CS|TAMS 0x000000008cc00000, 0x000000008cc00000| Complete 
| 205|0x000000008cd00000, 0x000000008ce00000, 0x000000008ce00000|100%| E|CS|TAMS 0x000000008cd00000, 0x000000008cd00000| Complete 
| 206|0x000000008ce00000, 0x000000008cf00000, 0x000000008cf00000|100%| E|CS|TAMS 0x000000008ce00000, 0x000000008ce00000| Complete 
| 207|0x000000008cf00000, 0x000000008d000000, 0x000000008d000000|100%| E|CS|TAMS 0x000000008cf00000, 0x000000008cf00000| Complete 
| 208|0x000000008d000000, 0x000000008d100000, 0x000000008d100000|100%| E|CS|TAMS 0x000000008d000000, 0x000000008d000000| Complete 
| 209|0x000000008d100000, 0x000000008d200000, 0x000000008d200000|100%| E|CS|TAMS 0x000000008d100000, 0x000000008d100000| Complete 
| 210|0x000000008d200000, 0x000000008d300000, 0x000000008d300000|100%| E|CS|TAMS 0x000000008d200000, 0x000000008d200000| Complete 
| 211|0x000000008d300000, 0x000000008d400000, 0x000000008d400000|100%| E|CS|TAMS 0x000000008d300000, 0x000000008d300000| Complete 
| 212|0x000000008d400000, 0x000000008d457ca0, 0x000000008d500000| 34%| S|CS|TAMS 0x000000008d400000, 0x000000008d400000| Complete 
| 213|0x000000008d500000, 0x000000008d600000, 0x000000008d600000|100%| E|CS|TAMS 0x000000008d500000, 0x000000008d500000| Complete 
| 214|0x000000008d600000, 0x000000008d700000, 0x000000008d700000|100%| E|CS|TAMS 0x000000008d600000, 0x000000008d600000| Complete 
| 215|0x000000008d700000, 0x000000008d800000, 0x000000008d800000|100%| E|CS|TAMS 0x000000008d700000, 0x000000008d700000| Complete 
| 216|0x000000008d800000, 0x000000008d900000, 0x000000008d900000|100%| E|CS|TAMS 0x000000008d800000, 0x000000008d800000| Complete 
| 217|0x000000008d900000, 0x000000008da00000, 0x000000008da00000|100%| E|CS|TAMS 0x000000008d900000, 0x000000008d900000| Complete 
| 218|0x000000008da00000, 0x000000008db00000, 0x000000008db00000|100%| E|CS|TAMS 0x000000008da00000, 0x000000008da00000| Complete 
| 219|0x000000008db00000, 0x000000008dc00000, 0x000000008dc00000|100%| E|CS|TAMS 0x000000008db00000, 0x000000008db00000| Complete 
| 220|0x000000008dc00000, 0x000000008dd00000, 0x000000008dd00000|100%| E|CS|TAMS 0x000000008dc00000, 0x000000008dc00000| Complete 
| 221|0x000000008dd00000, 0x000000008de00000, 0x000000008de00000|100%| E|CS|TAMS 0x000000008dd00000, 0x000000008dd00000| Complete 

Card table byte_map: [0x000001fb409f0000,0x000001fb40df0000] _byte_map_base: 0x000001fb405f0000

Marking Bits (Prev, Next): (CMBitMap*) 0x000001fb2db2ce08, (CMBitMap*) 0x000001fb2db2ce40
 Prev Bits: [0x000001fb411f0000, 0x000001fb431f0000)
 Next Bits: [0x000001fb431f0000, 0x000001fb451f0000)

Polling page: 0x000001fb2d2d0000

Metaspace:

Usage:
  Non-class:    113.07 MB capacity,   110.45 MB ( 98%) used,     2.22 MB (  2%) free+waste,   408.44 KB ( <1%) overhead. 
      Class:     17.37 MB capacity,    15.96 MB ( 92%) used,     1.22 MB (  7%) free+waste,   184.25 KB (  1%) overhead. 
       Both:    130.44 MB capacity,   126.41 MB ( 97%) used,     3.45 MB (  3%) free+waste,   592.69 KB ( <1%) overhead. 

Virtual space:
  Non-class space:      114.00 MB reserved,     113.32 MB (>99%) committed 
      Class space:        1.00 GB reserved,      17.50 MB (  2%) committed 
             Both:        1.11 GB reserved,     130.82 MB ( 11%) committed 

Chunk freelists:
   Non-Class:  62.00 KB
       Class:  6.00 KB
        Both:  68.00 KB

MaxMetaspaceSize: 17179869184.00 GB
CompressedClassSpaceSize: 1.00 GB

CodeHeap 'non-profiled nmethods': size=120064Kb used=13667Kb max_used=13667Kb free=106396Kb
 bounds [0x000001fb390b0000, 0x000001fb39e10000, 0x000001fb405f0000]
CodeHeap 'profiled nmethods': size=120000Kb used=41599Kb max_used=42005Kb free=78400Kb
 bounds [0x000001fb31b80000, 0x000001fb344a0000, 0x000001fb390b0000]
CodeHeap 'non-nmethods': size=5696Kb used=2377Kb max_used=2450Kb free=3318Kb
 bounds [0x000001fb315f0000, 0x000001fb31860000, 0x000001fb31b80000]
 total_blobs=20150 nmethods=19145 adapters=915
 compilation: enabled
              stopped_count=0, restarted_count=0
 full_count=0

Compilation events (20 events):
Event: 9653.159 Thread 0x000001fb476fc800 20355       3       org.gradle.invocation.DefaultGradle_Decorated::getRootProject (40 bytes)
Event: 9653.160 Thread 0x000001fb476fc800 nmethod 20355 0x000001fb321a1f90 code [0x000001fb321a21c0, 0x000001fb321a2928]
Event: 9653.160 Thread 0x000001fb476fc800 20356       3       org.gradle.invocation.DefaultGradle::getRootProject (44 bytes)
Event: 9653.161 Thread 0x000001fb476fc800 nmethod 20356 0x000001fb321ac210 code [0x000001fb321ac4a0, 0x000001fb321acf18]
Event: 9653.161 Thread 0x000001fb476f4800 20357       4       org.gradle.internal.serialize.kryo.KryoBackedEncoder::writeLong (9 bytes)
Event: 9653.168 Thread 0x000001fb476f4800 nmethod 20357 0x000001fb39e07e90 code [0x000001fb39e08040, 0x000001fb39e085e8]
Event: 9653.168 Thread 0x000001fb476f4800 20359       4       java.io.ObjectOutputStream$BlockDataOutputStream::writeUTF (46 bytes)
Event: 9653.183 Thread 0x000001fb476fc800 20360       3       com.google.common.cache.CacheBuilder::newBuilder (8 bytes)
Event: 9653.183 Thread 0x000001fb476fc800 nmethod 20360 0x000001fb32130f90 code [0x000001fb32131140, 0x000001fb321312c8]
Event: 9653.183 Thread 0x000001fb476fc800 20362       3       com.google.common.cache.LocalCache::<init> (464 bytes)
Event: 9653.184 Thread 0x000001fb476f4800 nmethod 20359 0x000001fb39e08890 code [0x000001fb39e08a60, 0x000001fb39e09228]
Event: 9653.184 Thread 0x000001fb476f4800 20358       4       com.esotericsoftware.kryo.io.Output::writeLong (162 bytes)
Event: 9653.189 Thread 0x000001fb476fc800 nmethod 20362 0x000001fb3291bf10 code [0x000001fb3291c560, 0x000001fb32920f48]
Event: 9653.189 Thread 0x000001fb476fc800 20361       3       com.google.common.cache.CacheBuilder::checkWeightWithWeigher (85 bytes)
Event: 9653.191 Thread 0x000001fb476fc800 nmethod 20361 0x000001fb321c2f90 code [0x000001fb321c3220, 0x000001fb321c3d98]
Event: 9653.191 Thread 0x000001fb476fc800 20363       3       com.google.common.cache.CacheBuilder::getWeigher (14 bytes)
Event: 9653.191 Thread 0x000001fb476fc800 nmethod 20363 0x000001fb3216d790 code [0x000001fb3216d960, 0x000001fb3216dc18]
Event: 9653.191 Thread 0x000001fb476f4800 nmethod 20358 0x000001fb39e09810 code [0x000001fb39e099c0, 0x000001fb39e09f28]
Event: 9653.191 Thread 0x000001fb476fc800 20364       3       com.google.common.cache.LocalCache$LocalManualCache::<init> (10 bytes)
Event: 9653.191 Thread 0x000001fb476fc800 nmethod 20364 0x000001fb32152d90 code [0x000001fb32152f40, 0x000001fb321530f8]

GC Heap History (20 events):
Event: 4893.934 GC heap before
{Heap before GC invocations=64 (full 0):
 garbage-first heap   total 227328K, used 149972K [0x0000000080000000, 0x0000000100000000)
  region size 1024K, 11 young (11264K), 7 survivors (7168K)
 Metaspace       used 127051K, capacity 130978K, committed 131268K, reserved 1163264K
  class space    used 16103K, capacity 17470K, committed 17532K, reserved 1048576K
}
Event: 4893.952 GC heap after
{Heap after GC invocations=65 (full 0):
 garbage-first heap   total 227328K, used 145614K [0x0000000080000000, 0x0000000100000000)
  region size 1024K, 2 young (2048K), 2 survivors (2048K)
 Metaspace       used 127051K, capacity 130978K, committed 131268K, reserved 1163264K
  class space    used 16103K, capacity 17470K, committed 17532K, reserved 1048576K
}
Event: 4895.527 GC heap before
{Heap before GC invocations=65 (full 0):
 garbage-first heap   total 227328K, used 187598K [0x0000000080000000, 0x0000000100000000)
  region size 1024K, 44 young (45056K), 2 survivors (2048K)
 Metaspace       used 127336K, capacity 131293K, committed 131652K, reserved 1163264K
  class space    used 16145K, capacity 17547K, committed 17660K, reserved 1048576K
}
Event: 4895.539 GC heap after
{Heap after GC invocations=66 (full 0):
 garbage-first heap   total 227328K, used 150312K [0x0000000080000000, 0x0000000100000000)
  region size 1024K, 6 young (6144K), 6 survivors (6144K)
 Metaspace       used 127336K, capacity 131293K, committed 131652K, reserved 1163264K
  class space    used 16145K, capacity 17547K, committed 17660K, reserved 1048576K
}
Event: 5067.008 GC heap before
{Heap before GC invocations=67 (full 0):
 garbage-first heap   total 227328K, used 189224K [0x0000000080000000, 0x0000000100000000)
  region size 1024K, 45 young (46080K), 6 survivors (6144K)
 Metaspace       used 127370K, capacity 131175K, committed 131652K, reserved 1163264K
  class space    used 16129K, capacity 17503K, committed 17660K, reserved 1048576K
}
Event: 5067.018 GC heap after
{Heap after GC invocations=68 (full 0):
 garbage-first heap   total 227328K, used 152871K [0x0000000080000000, 0x0000000100000000)
  region size 1024K, 3 young (3072K), 3 survivors (3072K)
 Metaspace       used 127370K, capacity 131175K, committed 131652K, reserved 1163264K
  class space    used 16129K, capacity 17503K, committed 17660K, reserved 1048576K
}
Event: 5473.008 GC heap before
{Heap before GC invocations=68 (full 0):
 garbage-first heap   total 227328K, used 160039K [0x0000000080000000, 0x0000000100000000)
  region size 1024K, 11 young (11264K), 3 survivors (3072K)
 Metaspace       used 127379K, capacity 131177K, committed 131652K, reserved 1163264K
  class space    used 16130K, capacity 17504K, committed 17660K, reserved 1048576K
}
Event: 5473.035 GC heap after
{Heap after GC invocations=69 (full 0):
 garbage-first heap   total 227328K, used 141332K [0x0000000080000000, 0x0000000100000000)
  region size 1024K, 1 young (1024K), 1 survivors (1024K)
 Metaspace       used 127379K, capacity 131177K, committed 131652K, reserved 1163264K
  class space    used 16130K, capacity 17504K, committed 17660K, reserved 1048576K
}
Event: 5563.558 GC heap before
{Heap before GC invocations=69 (full 0):
 garbage-first heap   total 227328K, used 185364K [0x0000000080000000, 0x0000000100000000)
  region size 1024K, 45 young (46080K), 1 survivors (1024K)
 Metaspace       used 127634K, capacity 131494K, committed 131652K, reserved 1163264K
  class space    used 16164K, capacity 17543K, committed 17660K, reserved 1048576K
}
Event: 5563.575 GC heap after
{Heap after GC invocations=70 (full 0):
 garbage-first heap   total 227328K, used 143925K [0x0000000080000000, 0x0000000100000000)
  region size 1024K, 4 young (4096K), 4 survivors (4096K)
 Metaspace       used 127634K, capacity 131494K, committed 131652K, reserved 1163264K
  class space    used 16164K, capacity 17543K, committed 17660K, reserved 1048576K
}
Event: 5564.212 GC heap before
{Heap before GC invocations=71 (full 0):
 garbage-first heap   total 227328K, used 186933K [0x0000000080000000, 0x0000000100000000)
  region size 1024K, 47 young (48128K), 4 survivors (4096K)
 Metaspace       used 127849K, capacity 132004K, committed 132164K, reserved 1163264K
  class space    used 16183K, capacity 17579K, committed 17660K, reserved 1048576K
}
Event: 5564.224 GC heap after
{Heap after GC invocations=72 (full 0):
 garbage-first heap   total 227328K, used 150493K [0x0000000080000000, 0x0000000100000000)
  region size 1024K, 6 young (6144K), 6 survivors (6144K)
 Metaspace       used 127849K, capacity 132004K, committed 132164K, reserved 1163264K
  class space    used 16183K, capacity 17579K, committed 17660K, reserved 1048576K
}
Event: 5564.435 GC heap before
{Heap before GC invocations=72 (full 0):
 garbage-first heap   total 227328K, used 155613K [0x0000000080000000, 0x0000000100000000)
  region size 1024K, 11 young (11264K), 6 survivors (6144K)
 Metaspace       used 128025K, capacity 132150K, committed 132420K, reserved 1165312K
  class space    used 16194K, capacity 17584K, committed 17660K, reserved 1048576K
}
Event: 5564.457 GC heap after
{Heap after GC invocations=73 (full 0):
 garbage-first heap   total 227328K, used 140703K [0x0000000080000000, 0x0000000100000000)
  region size 1024K, 2 young (2048K), 2 survivors (2048K)
 Metaspace       used 128025K, capacity 132150K, committed 132420K, reserved 1165312K
  class space    used 16194K, capacity 17584K, committed 17660K, reserved 1048576K
}
Event: 5565.438 GC heap before
{Heap before GC invocations=73 (full 0):
 garbage-first heap   total 227328K, used 185759K [0x0000000080000000, 0x0000000100000000)
  region size 1024K, 46 young (47104K), 2 survivors (2048K)
 Metaspace       used 128877K, capacity 133000K, committed 133316K, reserved 1165312K
  class space    used 16295K, capacity 17714K, committed 17788K, reserved 1048576K
}
Event: 5565.452 GC heap after
{Heap after GC invocations=74 (full 0):
 garbage-first heap   total 227328K, used 144025K [0x0000000080000000, 0x0000000100000000)
  region size 1024K, 5 young (5120K), 5 survivors (5120K)
 Metaspace       used 128877K, capacity 133000K, committed 133316K, reserved 1165312K
  class space    used 16295K, capacity 17714K, committed 17788K, reserved 1048576K
}
Event: 6816.013 GC heap before
{Heap before GC invocations=75 (full 0):
 garbage-first heap   total 227328K, used 188057K [0x0000000080000000, 0x0000000100000000)
  region size 1024K, 48 young (49152K), 5 survivors (5120K)
 Metaspace       used 129408K, capacity 133472K, committed 133700K, reserved 1165312K
  class space    used 16343K, capacity 17778K, committed 17916K, reserved 1048576K
}
Event: 6816.020 GC heap after
{Heap after GC invocations=76 (full 0):
 garbage-first heap   total 227328K, used 144935K [0x0000000080000000, 0x0000000100000000)
  region size 1024K, 2 young (2048K), 2 survivors (2048K)
 Metaspace       used 129408K, capacity 133472K, committed 133700K, reserved 1165312K
  class space    used 16343K, capacity 17778K, committed 17916K, reserved 1048576K
}
Event: 7310.015 GC heap before
{Heap before GC invocations=76 (full 0):
 garbage-first heap   total 227328K, used 154151K [0x0000000080000000, 0x0000000100000000)
  region size 1024K, 11 young (11264K), 2 survivors (2048K)
 Metaspace       used 129408K, capacity 133472K, committed 133700K, reserved 1165312K
  class space    used 16343K, capacity 17778K, committed 17916K, reserved 1048576K
}
Event: 7310.020 GC heap after
{Heap after GC invocations=77 (full 0):
 garbage-first heap   total 227328K, used 144900K [0x0000000080000000, 0x0000000100000000)
  region size 1024K, 1 young (1024K), 1 survivors (1024K)
 Metaspace       used 129408K, capacity 133472K, committed 133700K, reserved 1165312K
  class space    used 16343K, capacity 17778K, committed 17916K, reserved 1048576K
}

Deoptimization events (20 events):
Event: 5565.946 Thread 0x000001fb482cc000 DEOPT PACKING pc=0x000001fb39389e70 sp=0x00000067c4af46b0
Event: 5565.946 Thread 0x000001fb482cc000 DEOPT UNPACKING pc=0x000001fb316165af sp=0x00000067c4af4658 mode 2
Event: 5566.003 Thread 0x000001fb482cc000 Uncommon trap: trap_request=0xffffffc6 fr.pc=0x000001fb39a182a4 relative=0x00000000000003e4
Event: 5566.003 Thread 0x000001fb482cc000 Uncommon trap: reason=bimorphic_or_optimized_type_check action=maybe_recompile pc=0x000001fb39a182a4 method=org.gradle.internal.component.external.model.DefaultModuleComponentIdentifier.<init>(Lorg/gradle/api/artifacts/ModuleIdentifier;Ljava/lang/String;)
Event: 5566.003 Thread 0x000001fb482cc000 DEOPT PACKING pc=0x000001fb39a182a4 sp=0x00000067c4afb200
Event: 5566.003 Thread 0x000001fb482cc000 DEOPT UNPACKING pc=0x000001fb316165af sp=0x00000067c4afb1c0 mode 2
Event: 5566.006 Thread 0x000001fb482cc000 Uncommon trap: trap_request=0xffffff4d fr.pc=0x000001fb39ad87e4 relative=0x00000000000001c4
Event: 5566.006 Thread 0x000001fb482cc000 Uncommon trap: reason=unstable_if action=reinterpret pc=0x000001fb39ad87e4 method=com.esotericsoftware.kryo.io.Input.readVarLong(Z)J @ 220 c2
Event: 5566.006 Thread 0x000001fb482cc000 DEOPT PACKING pc=0x000001fb39ad87e4 sp=0x00000067c4af9a90
Event: 5566.006 Thread 0x000001fb482cc000 DEOPT UNPACKING pc=0x000001fb316165af sp=0x00000067c4af9a40 mode 2
Event: 5567.588 Thread 0x000001fb482cc000 DEOPT PACKING pc=0x000001fb31ea24b8 sp=0x00000067c4af8ab0
Event: 5567.588 Thread 0x000001fb482cc000 DEOPT UNPACKING pc=0x000001fb31616d5e sp=0x00000067c4af7fc0 mode 0
Event: 5567.588 Thread 0x000001fb482cc000 Uncommon trap: trap_request=0xffffff4d fr.pc=0x000001fb392ad2e8 relative=0x0000000000000228
Event: 5567.588 Thread 0x000001fb482cc000 Uncommon trap: reason=unstable_if action=reinterpret pc=0x000001fb392ad2e8 method=com.sun.crypto.provider.CounterMode.increment([B)V @ 18 c2
Event: 5567.588 Thread 0x000001fb482cc000 DEOPT PACKING pc=0x000001fb392ad2e8 sp=0x00000067c4af8ae0
Event: 5567.589 Thread 0x000001fb482cc000 DEOPT UNPACKING pc=0x000001fb316165af sp=0x00000067c4af8a60 mode 2
Event: 5567.642 Thread 0x000001fb482cc000 Uncommon trap: trap_request=0xffffffd6 fr.pc=0x000001fb39bace44 relative=0x0000000000003804
Event: 5567.642 Thread 0x000001fb482cc000 Uncommon trap: reason=array_check action=maybe_recompile pc=0x000001fb39bace44 method=java.util.ComparableTimSort.binarySort([Ljava/lang/Object;III)V @ 193 c2
Event: 5567.642 Thread 0x000001fb482cc000 DEOPT PACKING pc=0x000001fb39bace44 sp=0x00000067c4af8ff0
Event: 5567.642 Thread 0x000001fb482cc000 DEOPT UNPACKING pc=0x000001fb316165af sp=0x00000067c4af9020 mode 2

Classes redefined (0 events):
No events

Internal exceptions (20 events):
Event: 5564.470 Thread 0x000001fb482cc000 Exception <a 'java/lang/NullPointerException'{0x000000008da565b0}> (0x000000008da565b0) thrown at [./src/hotspot/share/interpreter/linkResolver.cpp, line 1358]
Event: 5564.773 Thread 0x000001fb482cc000 Exception <a 'java/lang/NullPointerException'{0x000000008da9f8f0}> (0x000000008da9f8f0) thrown at [./src/hotspot/share/interpreter/linkResolver.cpp, line 1358]
Event: 5564.840 Thread 0x000001fb482cc000 Exception <a 'java/lang/NullPointerException'{0x000000008d981538}> (0x000000008d981538) thrown at [./src/hotspot/share/interpreter/linkResolver.cpp, line 1358]
Event: 5564.841 Thread 0x000001fb482cc000 Implicit null exception at 0x000001fb39cb22dc to 0x000001fb39cb6614
Event: 5564.913 Thread 0x000001fb482cc000 Implicit null exception at 0x000001fb39d8a8ee to 0x000001fb39d8afec
Event: 5564.913 Thread 0x000001fb482cc000 Implicit null exception at 0x000001fb390c9e08 to 0x000001fb390ca3f8
Event: 5564.913 Thread 0x000001fb482cc000 Implicit null exception at 0x000001fb390cf6c0 to 0x000001fb390cfee0
Event: 5565.041 Thread 0x000001fb482cc000 Exception <a 'java/lang/NullPointerException'{0x000000008d0bfbb8}> (0x000000008d0bfbb8) thrown at [./src/hotspot/share/interpreter/linkResolver.cpp, line 1358]
Event: 5565.126 Thread 0x000001fb518f4800 Exception <a 'java/lang/NullPointerException'{0x000000008cae7170}> (0x000000008cae7170) thrown at [./src/hotspot/share/interpreter/linkResolver.cpp, line 1358]
Event: 5565.176 Thread 0x000001fb518f4800 Exception <a 'java/lang/NullPointerException'{0x000000008c94b880}> (0x000000008c94b880) thrown at [./src/hotspot/share/interpreter/linkResolver.cpp, line 1358]
Event: 5565.179 Thread 0x000001fb518f4800 Implicit null exception at 0x000001fb39391f77 to 0x000001fb39392110
Event: 5565.875 Thread 0x000001fb482cc000 Exception <a 'sun/nio/fs/WindowsException'{0x000000008d7bb4b8}> (0x000000008d7bb4b8) thrown at [./src/hotspot/share/prims/jni.cpp, line 615]
Event: 5566.405 Thread 0x000001fb482cc000 Exception <a 'java/lang/NullPointerException'{0x000000008cdd75a8}> (0x000000008cdd75a8) thrown at [./src/hotspot/share/interpreter/linkResolver.cpp, line 1358]
Event: 5566.463 Thread 0x000001fb482cc000 Exception <a 'java/lang/NullPointerException'{0x000000008cdef0e8}> (0x000000008cdef0e8) thrown at [./src/hotspot/share/interpreter/linkResolver.cpp, line 1358]
Event: 5566.775 Thread 0x000001fb482cc000 Exception <a 'java/lang/NullPointerException'{0x000000008cdfa360}> (0x000000008cdfa360) thrown at [./src/hotspot/share/interpreter/linkResolver.cpp, line 1358]
Event: 5566.831 Thread 0x000001fb482cc000 Exception <a 'java/lang/NullPointerException'{0x000000008cc0dce8}> (0x000000008cc0dce8) thrown at [./src/hotspot/share/interpreter/linkResolver.cpp, line 1358]
Event: 5567.158 Thread 0x000001fb482cc000 Exception <a 'java/lang/NullPointerException'{0x000000008cc47ce8}> (0x000000008cc47ce8) thrown at [./src/hotspot/share/interpreter/linkResolver.cpp, line 1358]
Event: 5567.224 Thread 0x000001fb482cc000 Exception <a 'java/lang/NullPointerException'{0x000000008cc5b100}> (0x000000008cc5b100) thrown at [./src/hotspot/share/interpreter/linkResolver.cpp, line 1358]
Event: 5567.525 Thread 0x000001fb482cc000 Exception <a 'java/lang/NullPointerException'{0x000000008cc65ee8}> (0x000000008cc65ee8) thrown at [./src/hotspot/share/interpreter/linkResolver.cpp, line 1358]
Event: 5567.584 Thread 0x000001fb482cc000 Exception <a 'java/lang/NullPointerException'{0x000000008cc787c8}> (0x000000008cc787c8) thrown at [./src/hotspot/share/interpreter/linkResolver.cpp, line 1358]

Events (20 events):
Event: 9653.010 Thread 0x000001fb518ef000 Thread added: 0x000001fb518ef000
Event: 9653.012 Thread 0x000001fb518eb000 Thread added: 0x000001fb518eb000
Event: 9653.038 Thread 0x000001fb518ed800 Thread added: 0x000001fb518ed800
Event: 9653.044 Thread 0x000001fb518eb800 Thread added: 0x000001fb518eb800
Event: 9653.060 Executing VM operation: RevokeBias
Event: 9653.060 Executing VM operation: RevokeBias done
Event: 9653.065 Thread 0x000001fb518ee000 Thread added: 0x000001fb518ee000
Event: 9653.067 Thread 0x000001fb518ec800 Thread added: 0x000001fb518ec800
Event: 9653.068 Thread 0x000001fb518f0000 Thread added: 0x000001fb518f0000
Event: 9653.093 Thread 0x000001fb518ea000 Thread added: 0x000001fb518ea000
Event: 9653.118 Thread 0x000001fb518f2000 Thread added: 0x000001fb518f2000
Event: 9653.122 Thread 0x000001fb518f5800 Thread added: 0x000001fb518f5800
Event: 9653.129 Thread 0x000001fb518f6800 Thread added: 0x000001fb518f6800
Event: 9653.140 Executing VM operation: RevokeBias
Event: 9653.140 Executing VM operation: RevokeBias done
Event: 9653.141 Executing VM operation: RevokeBias
Event: 9653.141 Executing VM operation: RevokeBias done
Event: 9653.143 Executing VM operation: RevokeBias
Event: 9653.143 Executing VM operation: RevokeBias done
Event: 9653.151 Thread 0x000001fb518f0800 Thread added: 0x000001fb518f0800


Dynamic libraries:
0x00007ff791260000 - 0x00007ff79126a000 	C:\Program Files\Android\Android Studio\jre\bin\java.exe
0x00007ffb1b2f0000 - 0x00007ffb1b4e5000 	C:\Windows\SYSTEM32\ntdll.dll
0x00007ffb1a130000 - 0x00007ffb1a1ee000 	C:\Windows\System32\KERNEL32.DLL
0x00007ffb18ce0000 - 0x00007ffb18fa8000 	C:\Windows\System32\KERNELBASE.dll
0x00007ffb19040000 - 0x00007ffb19140000 	C:\Windows\System32\ucrtbase.dll
0x00007ffb145b0000 - 0x00007ffb145c7000 	C:\Program Files\Android\Android Studio\jre\bin\VCRUNTIME140.dll
0x00007ffb088f0000 - 0x00007ffb08909000 	C:\Program Files\Android\Android Studio\jre\bin\jli.dll
0x00007ffb19350000 - 0x00007ffb194f0000 	C:\Windows\System32\USER32.dll
0x00007ffb18ab0000 - 0x00007ffb18ad2000 	C:\Windows\System32\win32u.dll
0x00007ffb1b280000 - 0x00007ffb1b2ab000 	C:\Windows\System32\GDI32.dll
0x00007ffb18b10000 - 0x00007ffb18c1b000 	C:\Windows\System32\gdi32full.dll
0x00007ffb0af70000 - 0x00007ffb0b20a000 	C:\Windows\WinSxS\amd64_microsoft.windows.common-controls_6595b64144ccf1df_6.0.19041.1110_none_60b5254171f9507e\COMCTL32.dll
0x00007ffb18a10000 - 0x00007ffb18aad000 	C:\Windows\System32\msvcp_win.dll
0x00007ffb19700000 - 0x00007ffb1979e000 	C:\Windows\System32\msvcrt.dll
0x00007ffb196d0000 - 0x00007ffb19700000 	C:\Windows\System32\IMM32.DLL
0x00007ffb04250000 - 0x00007ffb042ed000 	C:\Program Files\Android\Android Studio\jre\bin\msvcp140.dll
0x00007ffaf0150000 - 0x00007ffaf0c25000 	C:\Program Files\Android\Android Studio\jre\bin\server\jvm.dll
0x00007ffb1b0c0000 - 0x00007ffb1b16e000 	C:\Windows\System32\ADVAPI32.dll
0x00007ffb1b170000 - 0x00007ffb1b20c000 	C:\Windows\System32\sechost.dll
0x00007ffb1a1f0000 - 0x00007ffb1a315000 	C:\Windows\System32\RPCRT4.dll
0x00007ffb1b210000 - 0x00007ffb1b218000 	C:\Windows\System32\PSAPI.DLL
0x00007ffb145d0000 - 0x00007ffb145d9000 	C:\Windows\SYSTEM32\WSOCK32.dll
0x00007ffb0b460000 - 0x00007ffb0b487000 	C:\Windows\SYSTEM32\WINMM.dll
0x00007ffb198b0000 - 0x00007ffb1991b000 	C:\Windows\System32\WS2_32.dll
0x00007ffb0d080000 - 0x00007ffb0d08a000 	C:\Windows\SYSTEM32\VERSION.dll
0x00007ffb16940000 - 0x00007ffb16952000 	C:\Windows\SYSTEM32\kernel.appcore.dll
0x00007ffb14590000 - 0x00007ffb145a1000 	C:\Program Files\Android\Android Studio\jre\bin\verify.dll
0x00007ffb0b250000 - 0x00007ffb0b434000 	C:\Windows\SYSTEM32\DBGHELP.DLL
0x00007ffb0b220000 - 0x00007ffb0b24c000 	C:\Windows\SYSTEM32\dbgcore.DLL
0x00007ffb18fb0000 - 0x00007ffb19032000 	C:\Windows\System32\bcryptPrimitives.dll
0x00007ffb144e0000 - 0x00007ffb14509000 	C:\Program Files\Android\Android Studio\jre\bin\java.dll
0x00007ffb14580000 - 0x00007ffb1458b000 	C:\Program Files\Android\Android Studio\jre\bin\jimage.dll
0x00007ffb14540000 - 0x00007ffb14558000 	C:\Program Files\Android\Android Studio\jre\bin\zip.dll
0x00007ffb19920000 - 0x00007ffb1a064000 	C:\Windows\System32\SHELL32.dll
0x00007ffb16b40000 - 0x00007ffb172d4000 	C:\Windows\SYSTEM32\windows.storage.dll
0x00007ffb1a8e0000 - 0x00007ffb1ac34000 	C:\Windows\System32\combase.dll
0x00007ffb183a0000 - 0x00007ffb183cc000 	C:\Windows\SYSTEM32\Wldp.dll
0x00007ffb197a0000 - 0x00007ffb1984d000 	C:\Windows\System32\SHCORE.dll
0x00007ffb1b220000 - 0x00007ffb1b275000 	C:\Windows\System32\shlwapi.dll
0x00007ffb18950000 - 0x00007ffb1896f000 	C:\Windows\SYSTEM32\profapi.dll
0x00007ffb144c0000 - 0x00007ffb144da000 	C:\Program Files\Android\Android Studio\jre\bin\net.dll
0x00007ffb11360000 - 0x00007ffb11469000 	C:\Windows\SYSTEM32\WINHTTP.dll
0x00007ffb18100000 - 0x00007ffb1816a000 	C:\Windows\system32\mswsock.dll
0x00007ffb0a1a0000 - 0x00007ffb0a1b4000 	C:\Program Files\Android\Android Studio\jre\bin\nio.dll
0x00007ffb03700000 - 0x00007ffb03727000 	C:\Users\this\.gradle\native\e1d6ef7f7dcc3fd88c89a11ec53ec762bb8ba0a96d01ffa2cd45eb1d1d8dd5c5\windows-amd64\native-platform.dll
0x00007ffaff1c0000 - 0x00007ffaff304000 	C:\Users\this\.gradle\native\5664cfc778a61ccfe75a443a1ab52a65af34e5dc3c78e0209fed803814484fcb\windows-amd64\native-platform-file-events.dll
0x00007ffb08b80000 - 0x00007ffb08b8a000 	C:\Program Files\Android\Android Studio\jre\bin\management.dll
0x00007ffb08b70000 - 0x00007ffb08b7d000 	C:\Program Files\Android\Android Studio\jre\bin\management_ext.dll
0x00007ffb182f0000 - 0x00007ffb18308000 	C:\Windows\SYSTEM32\CRYPTSP.dll
0x00007ffb17a80000 - 0x00007ffb17ab4000 	C:\Windows\system32\rsaenh.dll
0x00007ffb18ae0000 - 0x00007ffb18b07000 	C:\Windows\System32\bcrypt.dll
0x00007ffb18910000 - 0x00007ffb1893e000 	C:\Windows\SYSTEM32\USERENV.dll
0x00007ffb18310000 - 0x00007ffb1831c000 	C:\Windows\SYSTEM32\CRYPTBASE.dll
0x00007ffb17df0000 - 0x00007ffb17e2b000 	C:\Windows\SYSTEM32\IPHLPAPI.DLL
0x00007ffb1af30000 - 0x00007ffb1af38000 	C:\Windows\System32\NSI.dll
0x00007ffb12de0000 - 0x00007ffb12df7000 	C:\Windows\SYSTEM32\dhcpcsvc6.DLL
0x00007ffb12680000 - 0x00007ffb1269d000 	C:\Windows\SYSTEM32\dhcpcsvc.DLL
0x00007ffb17e30000 - 0x00007ffb17efa000 	C:\Windows\SYSTEM32\DNSAPI.dll
0x00007ffb08520000 - 0x00007ffb08547000 	C:\Program Files\Android\Android Studio\jre\bin\sunec.dll
0x00007ffb12360000 - 0x00007ffb1236a000 	C:\Windows\System32\rasadhlp.dll
0x00007ffb112e0000 - 0x00007ffb1135f000 	C:\Windows\System32\fwpuclnt.dll

dbghelp: loaded successfully - version: 4.0.5 - missing functions: none
symbol engine: initialized successfully - sym options: 0x614 - pdb path: .;C:\Program Files\Android\Android Studio\jre\bin;C:\Windows\SYSTEM32;C:\Windows\WinSxS\amd64_microsoft.windows.common-controls_6595b64144ccf1df_6.0.19041.1110_none_60b5254171f9507e;C:\Program Files\Android\Android Studio\jre\bin\server;C:\Users\this\.gradle\native\e1d6ef7f7dcc3fd88c89a11ec53ec762bb8ba0a96d01ffa2cd45eb1d1d8dd5c5\windows-amd64;C:\Users\this\.gradle\native\5664cfc778a61ccfe75a443a1ab52a65af34e5dc3c78e0209fed803814484fcb\windows-amd64

VM Arguments:
jvm_args: --add-opens=java.base/java.util=ALL-UNNAMED --add-opens=java.base/java.lang=ALL-UNNAMED --add-opens=java.base/java.lang.invoke=ALL-UNNAMED --add-opens=java.base/java.util=ALL-UNNAMED --add-opens=java.prefs/java.util.prefs=ALL-UNNAMED --add-opens=java.prefs/java.util.prefs=ALL-UNNAMED --add-opens=java.base/java.nio.charset=ALL-UNNAMED --add-opens=java.base/java.net=ALL-UNNAMED --add-opens=java.base/java.util.concurrent.atomic=ALL-UNNAMED -Xmx2048m -Dfile.encoding=UTF-8 -Duser.country=US -Duser.language=en -Duser.variant 
java_command: org.gradle.launcher.daemon.bootstrap.GradleDaemon 7.2
java_class_path (initial): C:\Users\this\.gradle\wrapper\dists\gradle-7.2-bin\2dnblmf4td7x66yl1d74lt32g\gradle-7.2\lib\gradle-launcher-7.2.jar
Launcher Type: SUN_STANDARD

[Global flags]
     intx CICompilerCount                          = 3                                         {product} {ergonomic}
     uint ConcGCThreads                            = 1                                         {product} {ergonomic}
     uint G1ConcRefinementThreads                  = 4                                         {product} {ergonomic}
   size_t G1HeapRegionSize                         = 1048576                                   {product} {ergonomic}
    uintx GCDrainStackTargetSize                   = 64                                        {product} {ergonomic}
   size_t InitialHeapSize                          = 134217728                                 {product} {ergonomic}
   size_t MarkStackSize                            = 4194304                                   {product} {ergonomic}
   size_t MaxHeapSize                              = 2147483648                                {product} {command line}
   size_t MaxNewSize                               = 1287651328                                {product} {ergonomic}
   size_t MinHeapDeltaBytes                        = 1048576                                   {product} {ergonomic}
    uintx NonNMethodCodeHeapSize                   = 5830732                                {pd product} {ergonomic}
    uintx NonProfiledCodeHeapSize                  = 122913754                              {pd product} {ergonomic}
    uintx ProfiledCodeHeapSize                     = 122913754                              {pd product} {ergonomic}
    uintx ReservedCodeCacheSize                    = 251658240                              {pd product} {ergonomic}
     bool SegmentedCodeCache                       = true                                      {product} {ergonomic}
     bool UseCompressedClassPointers               = true                                 {lp64_product} {ergonomic}
     bool UseCompressedOops                        = true                                 {lp64_product} {ergonomic}
     bool UseG1GC                                  = true                                      {product} {ergonomic}
     bool UseLargePagesIndividualAllocation        = false                                  {pd product} {ergonomic}

Logging:
Log output configuration:
 #0: stdout all=warning uptime,level,tags
 #1: stderr all=off uptime,level,tags

Environment Variables:
PATH=C:\Windows\system32;C:\Windows;C:\Windows\System32\Wbem;C:\Windows\System32\WindowsPowerShell\v1.0\;C:\Windows\System32\OpenSSH\;C:\Users\this\AppData\Local\Microsoft\WindowsApps;
USERNAME=this
OS=Windows_NT
PROCESSOR_IDENTIFIER=Intel64 Family 6 Model 42 Stepping 7, GenuineIntel



---------------  S Y S T E M  ---------------

OS: Windows 10 , 64 bit Build 19041 (10.0.19041.1566)
OS uptime: 1 days 0:49 hours

CPU:total 4 (initial active 4) (4 cores per cpu, 1 threads per core) family 6 model 42 stepping 7 microcode 0x2f, cmov, cx8, fxsr, mmx, sse, sse2, sse3, ssse3, sse4.1, sse4.2, popcnt, avx, aes, clmul, tsc, tscinvbit

Memory: 4k page, system-wide physical 8086M (1689M free)
TotalPageFile size 12950M (AvailPageFile size 3656M)
current process WorkingSet (physical memory assigned to process): 308M, peak: 573M
current process commit charge ("private bytes"): 596M, peak: 607M

vm_info: OpenJDK 64-Bit Server VM (11.0.11+9-b60-7590822) for windows-amd64 JRE (11.0.11+9-b60-7590822), built on Jul 29 2021 21:43:44 by "builder" with MS VC++ 14.0 (VS2015)

END.
